TN:
SF:index.js
FN:23,(anonymous_0)
FN:37,(anonymous_1)
FN:41,(anonymous_2)
FN:52,(anonymous_3)
FN:69,(anonymous_4)
FN:76,(anonymous_5)
FN:76,(anonymous_6)
FN:88,(anonymous_7)
FNF:8
FNH:3
FNDA:0,(anonymous_0)
FNDA:0,(anonymous_1)
FNDA:0,(anonymous_2)
FNDA:2,(anonymous_3)
FNDA:2,(anonymous_4)
FNDA:0,(anonymous_5)
FNDA:0,(anonymous_6)
FNDA:1,(anonymous_7)
DA:2,1
DA:3,1
DA:4,1
DA:6,1
DA:7,1
DA:23,1
DA:24,0
DA:25,0
DA:26,0
DA:27,0
DA:30,0
DA:31,0
DA:32,0
DA:34,0
DA:36,0
DA:37,0
DA:40,0
DA:41,0
DA:44,0
DA:46,0
DA:47,0
DA:52,1
DA:53,2
DA:54,2
DA:55,2
DA:56,2
DA:58,2
DA:59,2
DA:60,2
DA:61,2
DA:62,2
DA:63,2
DA:65,2
DA:67,2
DA:69,2
DA:70,2
DA:73,2
DA:75,2
DA:76,0
DA:81,2
DA:83,0
DA:84,0
DA:88,1
DA:89,1
DA:93,1
LF:45
LH:27
BRDA:36,0,0,0
BRDA:36,0,1,0
BRDA:40,1,0,0
BRDA:40,1,1,0
BRDA:70,2,0,2
BRDA:70,2,1,0
BRDA:70,2,2,2
BRDA:75,3,0,0
BRDA:75,3,1,2
BRF:9
BRH:3
end_of_record
